<?xml version="1.0" encoding="UTF-8"?>
<!-- Generated by org.testng.reporters.JUnitXMLReporter -->
<testsuite ignored="0" hostname="DESKTOP-KNGCGF8" failures="0" tests="6" name="Default test" time="49.503" errors="0" timestamp="2024-02-29T20:39:23 BDT">
  <testcase classname="firstTest.LoginTest" name="login" time="4.341"/>
  <testcase classname="firstTest.LoginTest" name="login" time="4.289"/>
  <testcase classname="firstTest.LoginTest" name="login" time="4.369"/>
  <testcase classname="firstTest.LoginTest" name="login" time="10.204"/>
  <testcase classname="firstTest.LoginTest" name="login" time="4.343"/>
  <testcase classname="firstTest.LoginTest" name="login" time="4.328"/>
</testsuite> <!-- Default test -->
